<?xml version="1.0" encoding="utf-8"?><testsuites><testsuite errors="0" failures="0" hostname="Williams-MacBook-Pro.local" name="pytest" skipped="0" tests="0" time="0.056" timestamp="2019-09-17T14:55:39.928614"></testsuite></testsuites>